[35m[Appium][39m Welcome to Appium v2.1.3
[35m[Appium][39m Non-default server args:
[35m[Appium][39m { basePath: [32m'/wd/hub'[39m, loglevel: [32m'info'[39m, port: [33m10938[39m }
[35m[Appium][39m Attempting to load driver uiautomator2...
[35m[Appium][39m Appium REST http interface listener started on http://0.0.0.0:10938/wd/hub
[35m[Appium][39m You can provide the following URLs in your client code to connect to this server:
[35m[Appium][39m 	http://192.168.1.65:10938/wd/hub
[35m[Appium][39m 	http://127.0.0.1:10938/wd/hub (only accessible from the same host)
[35m[Appium][39m Available drivers:
[35m[Appium][39m   - uiautomator2@2.29.11 (automationName 'UiAutomator2')
[35m[Appium][39m No plugins have been installed. Use the "appium plugin" command to install the one(s) you want to use.
[38;5;0m[HTTP][0m [37m-->[39m [37mGET[39m [37m/wd/hub/status[39m
[38;5;0m[HTTP][0m [90m{}[39m
[38;5;0m[HTTP][0m [37m<-- GET /wd/hub/status [39m[32m200[39m [90m9 ms - 110[39m
[38;5;0m[HTTP][0m [90m[39m
[38;5;0m[HTTP][0m [37m-->[39m [37mGET[39m [37m/wd/hub/status[39m
[38;5;0m[HTTP][0m [90m{}[39m
[38;5;0m[HTTP][0m [37m<-- GET /wd/hub/status [39m[32m200[39m [90m1 ms - 110[39m
[38;5;0m[HTTP][0m [90m[39m
[38;5;0m[HTTP][0m [37m-->[39m [37mPOST[39m [37m/wd/hub/session[39m
[38;5;0m[HTTP][0m [90m{"desiredCapabilities":{"appium:systemPort":8240,"appium:udid":"4d7dbdb4","appium:autoGrantPermissions":true,"appium:newCommandTimeout":1800,"appium:platformName":"ANDROID","appium:appActivity":".Settings","appium:deviceName":"Xiaomi M2007J20CG (Android 10)","platformName":"Android","appium:automationName":"uiautomator2","appium:platformVersion":"10","appium:appPackage":"com.android.settings"},"capabilities":{"firstMatch":[{"appium:appActivity":".Settings","appium:appPackage":"com.android.settings","appium:autoGrantPermissions":true,"appium:automationName":"uiautomator2","appium:deviceName":"Xiaomi M2007J20CG (Android 10)","appium:newCommandTimeout":1800,"appium:platformName":"ANDROID","appium:platformVersion":"10","appium:systemPort":8240,"appium:udid":"4d7dbdb4","platformName":"android"}]}}[39m
[38;5;32m[BaseDriver][0m Ignoring capability 'appium:platformName=ANDROID' and using capability 'platformName=android'
[38;5;32m[BaseDriver][0m The capabilities ["platformName"] are standard capabilities and do not require "appium:" prefix
[35m[Appium][39m Attempting to find matching driver for automationName 'uiautomator2' and platformName 'android'
[35m[Appium][39m The 'uiautomator2' driver was installed and matched caps.
[35m[Appium][39m Will require it at C:\Users\PRASHANI\.appium\node_modules\appium-uiautomator2-driver
[38;5;16m[AppiumDriver@fabc][0m Appium v2.1.3 creating new AndroidUiautomator2Driver (v2.29.11) session
[38;5;16m[AppiumDriver@fabc][0m Checking BaseDriver versions for Appium and AndroidUiautomator2Driver
[38;5;16m[AppiumDriver@fabc][0m Appium's BaseDriver version is 9.3.20
[38;5;16m[AppiumDriver@fabc][0m AndroidUiautomator2Driver's BaseDriver version is 9.3.20
[38;5;48m[AndroidUiautomator2Driver@2698][0m The following capabilities were provided, but are not recognized by Appium:
[38;5;48m[AndroidUiautomator2Driver@2698][0m   deviceName
[38;5;48m[AndroidUiautomator2Driver@2698 (82115955)][0m Session created with session id: 82115955-148d-4ae7-95ef-8452a3682b0f
[38;5;48m[AndroidUiautomator2Driver@2698 (82115955)][0m Starting 'com.android.settings' directly on the device
[38;5;64m[ADB][0m Found 2 'build-tools' folders under 'C:\Users\PRASHANI\AppData\Local\Android\Sdk' (newest first):
[38;5;64m[ADB][0m     C:\Users\PRASHANI\AppData\Local\Android\Sdk\build-tools\34.0.0
[38;5;64m[ADB][0m     C:\Users\PRASHANI\AppData\Local\Android\Sdk\build-tools\33.0.1
[38;5;64m[ADB][0m Using 'adb.exe' from 'C:\Users\PRASHANI\AppData\Local\Android\Sdk\platform-tools\adb.exe'
[38;5;80m[AndroidDriver][0m Retrieving device list
[38;5;80m[AndroidDriver][0m Using device: 4d7dbdb4
[38;5;64m[ADB][0m Using 'adb.exe' from 'C:\Users\PRASHANI\AppData\Local\Android\Sdk\platform-tools\adb.exe'
[38;5;64m[ADB][0m Getting device platform version
[38;5;48m[AndroidUiautomator2Driver@2698 (82115955)][0m Relaxing hidden api policy
[38;5;80m[AndroidDriver][0m No app sent in, not parsing package/activity
[38;5;64m[ADB][0m Using 'apksigner.jar' from 'C:\Users\PRASHANI\AppData\Local\Android\Sdk\build-tools\34.0.0\lib\apksigner.jar'
[38;5;64m[ADB][0m 'C:\Users\PRASHANI\.appium\node_modules\appium-uiautomator2-driver\node_modules\appium-uiautomator2-server\apks\appium-uiautomator2-server-debug-androidTest.apk' is signed with the default certificate
[38;5;64m[ADB][0m 'C:\Users\PRASHANI\.appium\node_modules\appium-uiautomator2-driver\node_modules\appium-uiautomator2-server\apks\appium-uiautomator2-server-v5.12.6.apk' is signed with the default certificate
[38;5;48m[AndroidUiautomator2Driver@2698 (82115955)][0m Server packages are not going to be (re)installed
[38;5;64m[ADB][0m Adding packages ["io.appium.settings","io.appium.uiautomator2.server","io.appium.uiautomator2.server.test"] to Doze whitelist
[38;5;48m[AndroidUiautomator2Driver@2698 (82115955)][0m Starting UIAutomator2 server 5.12.6
[38;5;48m[AndroidUiautomator2Driver@2698 (82115955)][0m Using UIAutomator2 server from 'C:\Users\PRASHANI\.appium\node_modules\appium-uiautomator2-driver\node_modules\appium-uiautomator2-server\apks\appium-uiautomator2-server-v5.12.6.apk' and test from 'C:\Users\PRASHANI\.appium\node_modules\appium-uiautomator2-driver\node_modules\appium-uiautomator2-server\apks\appium-uiautomator2-server-debug-androidTest.apk'
[38;5;48m[AndroidUiautomator2Driver@2698 (82115955)][0m Waiting up to 30000ms for UiAutomator2 to be online...
[38;5;48m[AndroidUiautomator2Driver@2698 (82115955)][0m socket hang up
[38;5;48m[AndroidUiautomator2Driver@2698 (82115955)][0m socket hang up
[38;5;48m[AndroidUiautomator2Driver@2698 (82115955)][0m socket hang up
[38;5;48m[AndroidUiautomator2Driver@2698 (82115955)][0m Determined the downstream protocol as 'W3C'
[38;5;80m[AndroidDriver][0m Screen already unlocked, doing nothing
[38;5;48m[AndroidUiautomator2Driver@2698 (82115955)][0m Starting 'com.android.settings/.Settings and waiting for 'com.android.settings/.Settings'
[38;5;16m[AppiumDriver@fabc][0m New AndroidUiautomator2Driver session created successfully, session 82115955-148d-4ae7-95ef-8452a3682b0f added to master session list
[38;5;0m[HTTP][0m [37m<-- POST /wd/hub/session [39m[32m200[39m [90m8985 ms - 1073[39m
[38;5;0m[HTTP][0m [90m[39m
[38;5;0m[HTTP][0m [37m-->[39m [37mGET[39m [37m/wd/hub/session/82115955-148d-4ae7-95ef-8452a3682b0f[39m
[38;5;0m[HTTP][0m [90m{}[39m
[38;5;0m[HTTP][0m [37m<-- GET /wd/hub/session/82115955-148d-4ae7-95ef-8452a3682b0f [39m[32m200[39m [90m13 ms - 1027[39m
[38;5;0m[HTTP][0m [90m[39m
[38;5;0m[HTTP][0m [37m-->[39m [37mGET[39m [37m/wd/hub/session/82115955-148d-4ae7-95ef-8452a3682b0f[39m
[38;5;0m[HTTP][0m [90m{}[39m
[38;5;0m[HTTP][0m [37m<-- GET /wd/hub/session/82115955-148d-4ae7-95ef-8452a3682b0f [39m[32m200[39m [90m13 ms - 1027[39m
[38;5;0m[HTTP][0m [90m[39m
[38;5;0m[HTTP][0m [37m-->[39m [37mGET[39m [37m/wd/hub/status[39m
[38;5;0m[HTTP][0m [90m{}[39m
[38;5;0m[HTTP][0m [37m<-- GET /wd/hub/status [39m[32m200[39m [90m1 ms - 110[39m
[38;5;0m[HTTP][0m [90m[39m
[38;5;0m[HTTP][0m [37m-->[39m [37mPOST[39m [37m/wd/hub/session/82115955-148d-4ae7-95ef-8452a3682b0f/timeouts[39m
[38;5;0m[HTTP][0m [90m{"implicit":60000}[39m
[38;5;0m[HTTP][0m [37m<-- POST /wd/hub/session/82115955-148d-4ae7-95ef-8452a3682b0f/timeouts [39m[32m200[39m [90m2 ms - 14[39m
[38;5;0m[HTTP][0m [90m[39m
[38;5;0m[HTTP][0m [37m-->[39m [37mGET[39m [37m/wd/hub/session/82115955-148d-4ae7-95ef-8452a3682b0f/appium/device/system_bars[39m
[38;5;0m[HTTP][0m [90m{}[39m
[38;5;48m[AndroidUiautomator2Driver@2698 (82115955)][0m No windows have been found whose title matches to 'NavigationBar'. Assuming it is invisible. Only the following windows are available: InputMethod,RoundCorner,GestureStubRight,GestureStubLeft,GestureStub,StatusBar,Aspect,AssistPreviewPanel,DockedStackDivider
[38;5;0m[HTTP][0m [37m<-- GET /wd/hub/session/82115955-148d-4ae7-95ef-8452a3682b0f/appium/device/system_bars [39m[32m200[39m [90m144 ms - 144[39m
[38;5;0m[HTTP][0m [90m[39m
[38;5;0m[HTTP][0m [37m-->[39m [37mPOST[39m [37m/wd/hub/session/82115955-148d-4ae7-95ef-8452a3682b0f/appium/device/activate_app[39m
[38;5;0m[HTTP][0m [90m{"bundleId":"com.easypay.shop"}[39m
[38;5;0m[HTTP][0m [37m<-- POST /wd/hub/session/82115955-148d-4ae7-95ef-8452a3682b0f/appium/device/activate_app [39m[32m200[39m [90m242 ms - 14[39m
[38;5;0m[HTTP][0m [90m[39m
[38;5;0m[HTTP][0m [37m-->[39m [37mGET[39m [37m/wd/hub/session/82115955-148d-4ae7-95ef-8452a3682b0f/source[39m
[38;5;0m[HTTP][0m [90m{}[39m
[38;5;48m[AndroidUiautomator2Driver@2698 (82115955)][0m Driver proxy active, passing request on via HTTP proxy
[38;5;48m[AndroidUiautomator2Driver@2698 (82115955)][0m Replacing sessionId 1ff05665-15de-4815-9b8a-4816d7dd30d9 with 82115955-148d-4ae7-95ef-8452a3682b0f
[38;5;0m[HTTP][0m [37m<-- GET /wd/hub/session/82115955-148d-4ae7-95ef-8452a3682b0f/source [39m[32m200[39m [90m870 ms - 4682[39m
[38;5;0m[HTTP][0m [90m[39m
[38;5;0m[HTTP][0m [37m-->[39m [37mGET[39m [37m/wd/hub/session/82115955-148d-4ae7-95ef-8452a3682b0f/screenshot[39m
[38;5;0m[HTTP][0m [90m{}[39m
[38;5;0m[HTTP][0m [37m<-- GET /wd/hub/session/82115955-148d-4ae7-95ef-8452a3682b0f/screenshot [39m[32m200[39m [90m391 ms - 50752[39m
[38;5;0m[HTTP][0m [90m[39m
[38;5;0m[HTTP][0m [37m-->[39m [37mGET[39m [37m/wd/hub/session/82115955-148d-4ae7-95ef-8452a3682b0f/source[39m
[38;5;0m[HTTP][0m [90m{}[39m
[38;5;48m[AndroidUiautomator2Driver@2698 (82115955)][0m Driver proxy active, passing request on via HTTP proxy
[38;5;48m[AndroidUiautomator2Driver@2698 (82115955)][0m Replacing sessionId 1ff05665-15de-4815-9b8a-4816d7dd30d9 with 82115955-148d-4ae7-95ef-8452a3682b0f
[38;5;0m[HTTP][0m [37m<-- GET /wd/hub/session/82115955-148d-4ae7-95ef-8452a3682b0f/source [39m[32m200[39m [90m591 ms - 77572[39m
[38;5;0m[HTTP][0m [90m[39m
[38;5;0m[HTTP][0m [37m-->[39m [37mGET[39m [37m/wd/hub/session/82115955-148d-4ae7-95ef-8452a3682b0f/screenshot[39m
[38;5;0m[HTTP][0m [90m{}[39m
[38;5;0m[HTTP][0m [37m<-- GET /wd/hub/session/82115955-148d-4ae7-95ef-8452a3682b0f/screenshot [39m[32m200[39m [90m892 ms - 1386860[39m
[38;5;0m[HTTP][0m [90m[39m
[38;5;0m[HTTP][0m [37m-->[39m [37mGET[39m [37m/wd/hub/session/82115955-148d-4ae7-95ef-8452a3682b0f/source[39m
[38;5;0m[HTTP][0m [90m{}[39m
[38;5;48m[AndroidUiautomator2Driver@2698 (82115955)][0m Driver proxy active, passing request on via HTTP proxy
[38;5;48m[AndroidUiautomator2Driver@2698 (82115955)][0m Replacing sessionId 1ff05665-15de-4815-9b8a-4816d7dd30d9 with 82115955-148d-4ae7-95ef-8452a3682b0f
[38;5;0m[HTTP][0m [37m<-- GET /wd/hub/session/82115955-148d-4ae7-95ef-8452a3682b0f/source [39m[32m200[39m [90m2338 ms - 138328[39m
[38;5;0m[HTTP][0m [90m[39m
[38;5;0m[HTTP][0m [37m-->[39m [37mGET[39m [37m/wd/hub/session/82115955-148d-4ae7-95ef-8452a3682b0f/screenshot[39m
[38;5;0m[HTTP][0m [90m{}[39m
[38;5;0m[HTTP][0m [37m<-- GET /wd/hub/session/82115955-148d-4ae7-95ef-8452a3682b0f/screenshot [39m[32m200[39m [90m761 ms - 1284308[39m
[38;5;0m[HTTP][0m [90m[39m
[38;5;0m[HTTP][0m [37m-->[39m [37mPOST[39m [37m/wd/hub/session/82115955-148d-4ae7-95ef-8452a3682b0f/elements[39m
[38;5;0m[HTTP][0m [90m{"using":"xpath","value":"//*[@class = 'android.widget.TextView' and (@text = 'Profile' or . = 'Profile') and @resource-id = 'com.easypay.shop:id/tv_me']"}[39m
[38;5;0m[HTTP][0m [37m<-- POST /wd/hub/session/82115955-148d-4ae7-95ef-8452a3682b0f/elements [39m[32m200[39m [90m1418 ms - 139[39m
[38;5;0m[HTTP][0m [90m[39m
[38;5;0m[HTTP][0m [37m-->[39m [37mGET[39m [37m/wd/hub/session/82115955-148d-4ae7-95ef-8452a3682b0f/window/rect[39m
[38;5;0m[HTTP][0m [90m{}[39m
[38;5;0m[HTTP][0m [37m<-- GET /wd/hub/session/82115955-148d-4ae7-95ef-8452a3682b0f/window/rect [39m[32m200[39m [90m22 ms - 50[39m
[38;5;0m[HTTP][0m [90m[39m
[38;5;0m[HTTP][0m [37m-->[39m [37mPOST[39m [37m/wd/hub/session/82115955-148d-4ae7-95ef-8452a3682b0f/elements[39m
[38;5;0m[HTTP][0m [90m{"using":"xpath","value":"//*[@class = 'android.widget.TextView' and (@text = 'Profile' or . = 'Profile') and @resource-id = 'com.easypay.shop:id/tv_me']"}[39m
[38;5;0m[HTTP][0m [37m<-- POST /wd/hub/session/82115955-148d-4ae7-95ef-8452a3682b0f/elements [39m[32m200[39m [90m412 ms - 139[39m
[38;5;0m[HTTP][0m [90m[39m
[38;5;0m[HTTP][0m [37m-->[39m [37mGET[39m [37m/wd/hub/session/82115955-148d-4ae7-95ef-8452a3682b0f/element/00000000-0000-0146-ffff-ffff00000750/location[39m
[38;5;0m[HTTP][0m [90m{}[39m
[38;5;48m[AndroidUiautomator2Driver@2698 (82115955)][0m Driver proxy active, passing request on via HTTP proxy
[38;5;48m[AndroidUiautomator2Driver@2698 (82115955)][0m Replacing sessionId 1ff05665-15de-4815-9b8a-4816d7dd30d9 with 82115955-148d-4ae7-95ef-8452a3682b0f
[38;5;0m[HTTP][0m [37m<-- GET /wd/hub/session/82115955-148d-4ae7-95ef-8452a3682b0f/element/00000000-0000-0146-ffff-ffff00000750/location [39m[32m200[39m [90m50 ms - 79[39m
[38;5;0m[HTTP][0m [90m[39m
[38;5;0m[HTTP][0m [37m-->[39m [37mPOST[39m [37m/wd/hub/session/82115955-148d-4ae7-95ef-8452a3682b0f/elements[39m
[38;5;0m[HTTP][0m [90m{"using":"xpath","value":"//*[@class = 'android.widget.TextView' and (@text = 'Profile' or . = 'Profile') and @resource-id = 'com.easypay.shop:id/tv_me']"}[39m
[38;5;0m[HTTP][0m [37m<-- POST /wd/hub/session/82115955-148d-4ae7-95ef-8452a3682b0f/elements [39m[32m200[39m [90m349 ms - 139[39m
[38;5;0m[HTTP][0m [90m[39m
[38;5;0m[HTTP][0m [37m-->[39m [37mGET[39m [37m/wd/hub/session/82115955-148d-4ae7-95ef-8452a3682b0f/element/00000000-0000-0146-ffff-ffff00000750/location[39m
[38;5;0m[HTTP][0m [90m{}[39m
[38;5;48m[AndroidUiautomator2Driver@2698 (82115955)][0m Driver proxy active, passing request on via HTTP proxy
[38;5;48m[AndroidUiautomator2Driver@2698 (82115955)][0m Replacing sessionId 1ff05665-15de-4815-9b8a-4816d7dd30d9 with 82115955-148d-4ae7-95ef-8452a3682b0f
[38;5;0m[HTTP][0m [37m<-- GET /wd/hub/session/82115955-148d-4ae7-95ef-8452a3682b0f/element/00000000-0000-0146-ffff-ffff00000750/location [39m[32m200[39m [90m26 ms - 79[39m
[38;5;0m[HTTP][0m [90m[39m
[38;5;0m[HTTP][0m [37m-->[39m [37mPOST[39m [37m/wd/hub/session/82115955-148d-4ae7-95ef-8452a3682b0f/elements[39m
[38;5;0m[HTTP][0m [90m{"using":"xpath","value":"//*[@class = 'android.widget.TextView' and (@text = 'Profile' or . = 'Profile') and @resource-id = 'com.easypay.shop:id/tv_me']"}[39m
[38;5;0m[HTTP][0m [37m<-- POST /wd/hub/session/82115955-148d-4ae7-95ef-8452a3682b0f/elements [39m[32m200[39m [90m282 ms - 139[39m
[38;5;0m[HTTP][0m [90m[39m
[38;5;0m[HTTP][0m [37m-->[39m [37mGET[39m [37m/wd/hub/session/82115955-148d-4ae7-95ef-8452a3682b0f/element/00000000-0000-0146-ffff-ffff00000750/location[39m
[38;5;0m[HTTP][0m [90m{}[39m
[38;5;48m[AndroidUiautomator2Driver@2698 (82115955)][0m Driver proxy active, passing request on via HTTP proxy
[38;5;48m[AndroidUiautomator2Driver@2698 (82115955)][0m Replacing sessionId 1ff05665-15de-4815-9b8a-4816d7dd30d9 with 82115955-148d-4ae7-95ef-8452a3682b0f
[38;5;0m[HTTP][0m [37m<-- GET /wd/hub/session/82115955-148d-4ae7-95ef-8452a3682b0f/element/00000000-0000-0146-ffff-ffff00000750/location [39m[32m200[39m [90m18 ms - 79[39m
[38;5;0m[HTTP][0m [90m[39m
[38;5;0m[HTTP][0m [37m-->[39m [37mPOST[39m [37m/wd/hub/session/82115955-148d-4ae7-95ef-8452a3682b0f/elements[39m
[38;5;0m[HTTP][0m [90m{"using":"xpath","value":"//*[@class = 'android.widget.TextView' and (@text = 'Profile' or . = 'Profile') and @resource-id = 'com.easypay.shop:id/tv_me']"}[39m
[38;5;0m[HTTP][0m [37m<-- POST /wd/hub/session/82115955-148d-4ae7-95ef-8452a3682b0f/elements [39m[32m200[39m [90m318 ms - 139[39m
[38;5;0m[HTTP][0m [90m[39m
[38;5;0m[HTTP][0m [37m-->[39m [37mGET[39m [37m/wd/hub/session/82115955-148d-4ae7-95ef-8452a3682b0f/element/00000000-0000-0146-ffff-ffff00000750/location[39m
[38;5;0m[HTTP][0m [90m{}[39m
[38;5;48m[AndroidUiautomator2Driver@2698 (82115955)][0m Driver proxy active, passing request on via HTTP proxy
[38;5;48m[AndroidUiautomator2Driver@2698 (82115955)][0m Replacing sessionId 1ff05665-15de-4815-9b8a-4816d7dd30d9 with 82115955-148d-4ae7-95ef-8452a3682b0f
[38;5;0m[HTTP][0m [37m<-- GET /wd/hub/session/82115955-148d-4ae7-95ef-8452a3682b0f/element/00000000-0000-0146-ffff-ffff00000750/location [39m[32m200[39m [90m1739 ms - 79[39m
[38;5;0m[HTTP][0m [90m[39m
[38;5;0m[HTTP][0m [37m-->[39m [37mPOST[39m [37m/wd/hub/session/82115955-148d-4ae7-95ef-8452a3682b0f/elements[39m
[38;5;0m[HTTP][0m [90m{"using":"xpath","value":"//*[@class = 'android.widget.TextView' and (@text = 'Profile' or . = 'Profile') and @resource-id = 'com.easypay.shop:id/tv_me']"}[39m
[38;5;0m[HTTP][0m [37m<-- POST /wd/hub/session/82115955-148d-4ae7-95ef-8452a3682b0f/elements [39m[32m200[39m [90m312 ms - 139[39m
[38;5;0m[HTTP][0m [90m[39m
[38;5;0m[HTTP][0m [37m-->[39m [37mGET[39m [37m/wd/hub/session/82115955-148d-4ae7-95ef-8452a3682b0f/element/00000000-0000-0146-ffff-ffff00000750/location[39m
[38;5;0m[HTTP][0m [90m{}[39m
[38;5;48m[AndroidUiautomator2Driver@2698 (82115955)][0m Driver proxy active, passing request on via HTTP proxy
[38;5;48m[AndroidUiautomator2Driver@2698 (82115955)][0m Replacing sessionId 1ff05665-15de-4815-9b8a-4816d7dd30d9 with 82115955-148d-4ae7-95ef-8452a3682b0f
[38;5;0m[HTTP][0m [37m<-- GET /wd/hub/session/82115955-148d-4ae7-95ef-8452a3682b0f/element/00000000-0000-0146-ffff-ffff00000750/location [39m[32m200[39m [90m34 ms - 79[39m
[38;5;0m[HTTP][0m [90m[39m
[38;5;0m[HTTP][0m [37m-->[39m [37mPOST[39m [37m/wd/hub/session/82115955-148d-4ae7-95ef-8452a3682b0f/elements[39m
[38;5;0m[HTTP][0m [90m{"using":"xpath","value":"//*[@class = 'android.widget.TextView' and (@text = 'Profile' or . = 'Profile') and @resource-id = 'com.easypay.shop:id/tv_me']"}[39m
[38;5;0m[HTTP][0m [37m<-- POST /wd/hub/session/82115955-148d-4ae7-95ef-8452a3682b0f/elements [39m[32m200[39m [90m327 ms - 139[39m
[38;5;0m[HTTP][0m [90m[39m
[38;5;0m[HTTP][0m [37m-->[39m [37mGET[39m [37m/wd/hub/session/82115955-148d-4ae7-95ef-8452a3682b0f/element/00000000-0000-0146-ffff-ffff00000750/location[39m
[38;5;0m[HTTP][0m [90m{}[39m
[38;5;48m[AndroidUiautomator2Driver@2698 (82115955)][0m Driver proxy active, passing request on via HTTP proxy
[38;5;48m[AndroidUiautomator2Driver@2698 (82115955)][0m Replacing sessionId 1ff05665-15de-4815-9b8a-4816d7dd30d9 with 82115955-148d-4ae7-95ef-8452a3682b0f
[38;5;0m[HTTP][0m [37m<-- GET /wd/hub/session/82115955-148d-4ae7-95ef-8452a3682b0f/element/00000000-0000-0146-ffff-ffff00000750/location [39m[32m200[39m [90m29 ms - 79[39m
[38;5;0m[HTTP][0m [90m[39m
[38;5;0m[HTTP][0m [37m-->[39m [37mPOST[39m [37m/wd/hub/session/82115955-148d-4ae7-95ef-8452a3682b0f/elements[39m
[38;5;0m[HTTP][0m [90m{"using":"xpath","value":"//*[@class = 'android.widget.TextView' and (@text = 'Profile' or . = 'Profile') and @resource-id = 'com.easypay.shop:id/tv_me']"}[39m
[38;5;0m[HTTP][0m [37m<-- POST /wd/hub/session/82115955-148d-4ae7-95ef-8452a3682b0f/elements [39m[32m200[39m [90m325 ms - 139[39m
[38;5;0m[HTTP][0m [90m[39m
[38;5;0m[HTTP][0m [37m-->[39m [37mGET[39m [37m/wd/hub/session/82115955-148d-4ae7-95ef-8452a3682b0f/element/00000000-0000-0146-ffff-ffff00000750/location[39m
[38;5;0m[HTTP][0m [90m{}[39m
[38;5;48m[AndroidUiautomator2Driver@2698 (82115955)][0m Driver proxy active, passing request on via HTTP proxy
[38;5;48m[AndroidUiautomator2Driver@2698 (82115955)][0m Replacing sessionId 1ff05665-15de-4815-9b8a-4816d7dd30d9 with 82115955-148d-4ae7-95ef-8452a3682b0f
[38;5;0m[HTTP][0m [37m<-- GET /wd/hub/session/82115955-148d-4ae7-95ef-8452a3682b0f/element/00000000-0000-0146-ffff-ffff00000750/location [39m[32m200[39m [90m31 ms - 79[39m
[38;5;0m[HTTP][0m [90m[39m
[38;5;0m[HTTP][0m [37m-->[39m [37mPOST[39m [37m/wd/hub/session/82115955-148d-4ae7-95ef-8452a3682b0f/elements[39m
[38;5;0m[HTTP][0m [90m{"using":"xpath","value":"//*[@class = 'android.widget.TextView' and (@text = 'Profile' or . = 'Profile') and @resource-id = 'com.easypay.shop:id/tv_me']"}[39m
[38;5;0m[HTTP][0m [37m<-- POST /wd/hub/session/82115955-148d-4ae7-95ef-8452a3682b0f/elements [39m[32m200[39m [90m324 ms - 139[39m
[38;5;0m[HTTP][0m [90m[39m
[38;5;0m[HTTP][0m [37m-->[39m [37mGET[39m [37m/wd/hub/session/82115955-148d-4ae7-95ef-8452a3682b0f/element/00000000-0000-0146-ffff-ffff00000750/location[39m
[38;5;0m[HTTP][0m [90m{}[39m
[38;5;48m[AndroidUiautomator2Driver@2698 (82115955)][0m Driver proxy active, passing request on via HTTP proxy
[38;5;48m[AndroidUiautomator2Driver@2698 (82115955)][0m Replacing sessionId 1ff05665-15de-4815-9b8a-4816d7dd30d9 with 82115955-148d-4ae7-95ef-8452a3682b0f
[38;5;0m[HTTP][0m [37m<-- GET /wd/hub/session/82115955-148d-4ae7-95ef-8452a3682b0f/element/00000000-0000-0146-ffff-ffff00000750/location [39m[32m200[39m [90m33 ms - 79[39m
[38;5;0m[HTTP][0m [90m[39m
[38;5;0m[HTTP][0m [37m-->[39m [37mPOST[39m [37m/wd/hub/session/82115955-148d-4ae7-95ef-8452a3682b0f/elements[39m
[38;5;0m[HTTP][0m [90m{"using":"xpath","value":"//*[@class = 'android.widget.TextView' and (@text = 'Profile' or . = 'Profile') and @resource-id = 'com.easypay.shop:id/tv_me']"}[39m
[38;5;0m[HTTP][0m [37m<-- POST /wd/hub/session/82115955-148d-4ae7-95ef-8452a3682b0f/elements [39m[32m200[39m [90m385 ms - 139[39m
[38;5;0m[HTTP][0m [90m[39m
[38;5;0m[HTTP][0m [37m-->[39m [37mGET[39m [37m/wd/hub/session/82115955-148d-4ae7-95ef-8452a3682b0f/element/00000000-0000-0146-ffff-ffff00000750/location[39m
[38;5;0m[HTTP][0m [90m{}[39m
[38;5;48m[AndroidUiautomator2Driver@2698 (82115955)][0m Driver proxy active, passing request on via HTTP proxy
[38;5;48m[AndroidUiautomator2Driver@2698 (82115955)][0m Replacing sessionId 1ff05665-15de-4815-9b8a-4816d7dd30d9 with 82115955-148d-4ae7-95ef-8452a3682b0f
[38;5;0m[HTTP][0m [37m<-- GET /wd/hub/session/82115955-148d-4ae7-95ef-8452a3682b0f/element/00000000-0000-0146-ffff-ffff00000750/location [39m[32m200[39m [90m34 ms - 79[39m
[38;5;0m[HTTP][0m [90m[39m
[38;5;0m[HTTP][0m [37m-->[39m [37mPOST[39m [37m/wd/hub/session/82115955-148d-4ae7-95ef-8452a3682b0f/elements[39m
[38;5;0m[HTTP][0m [90m{"using":"xpath","value":"//*[@class = 'android.widget.TextView' and (@text = 'Profile' or . = 'Profile') and @resource-id = 'com.easypay.shop:id/tv_me']"}[39m
[38;5;0m[HTTP][0m [37m<-- POST /wd/hub/session/82115955-148d-4ae7-95ef-8452a3682b0f/elements [39m[32m200[39m [90m250 ms - 139[39m
[38;5;0m[HTTP][0m [90m[39m
[38;5;0m[HTTP][0m [37m-->[39m [37mGET[39m [37m/wd/hub/session/82115955-148d-4ae7-95ef-8452a3682b0f/element/00000000-0000-0146-ffff-ffff00000750/location[39m
[38;5;0m[HTTP][0m [90m{}[39m
[38;5;48m[AndroidUiautomator2Driver@2698 (82115955)][0m Driver proxy active, passing request on via HTTP proxy
[38;5;48m[AndroidUiautomator2Driver@2698 (82115955)][0m Replacing sessionId 1ff05665-15de-4815-9b8a-4816d7dd30d9 with 82115955-148d-4ae7-95ef-8452a3682b0f
[38;5;0m[HTTP][0m [37m<-- GET /wd/hub/session/82115955-148d-4ae7-95ef-8452a3682b0f/element/00000000-0000-0146-ffff-ffff00000750/location [39m[32m200[39m [90m17 ms - 79[39m
[38;5;0m[HTTP][0m [90m[39m
[38;5;0m[HTTP][0m [37m-->[39m [37mPOST[39m [37m/wd/hub/session/82115955-148d-4ae7-95ef-8452a3682b0f/elements[39m
[38;5;0m[HTTP][0m [90m{"using":"xpath","value":"//*[@class = 'android.widget.TextView' and (@text = 'Profile' or . = 'Profile') and @resource-id = 'com.easypay.shop:id/tv_me']"}[39m
[38;5;0m[HTTP][0m [37m<-- POST /wd/hub/session/82115955-148d-4ae7-95ef-8452a3682b0f/elements [39m[32m200[39m [90m274 ms - 139[39m
[38;5;0m[HTTP][0m [90m[39m
[38;5;0m[HTTP][0m [37m-->[39m [37mGET[39m [37m/wd/hub/session/82115955-148d-4ae7-95ef-8452a3682b0f/element/00000000-0000-0146-ffff-ffff00000750/location[39m
[38;5;0m[HTTP][0m [90m{}[39m
[38;5;48m[AndroidUiautomator2Driver@2698 (82115955)][0m Driver proxy active, passing request on via HTTP proxy
[38;5;48m[AndroidUiautomator2Driver@2698 (82115955)][0m Replacing sessionId 1ff05665-15de-4815-9b8a-4816d7dd30d9 with 82115955-148d-4ae7-95ef-8452a3682b0f
[38;5;0m[HTTP][0m [37m<-- GET /wd/hub/session/82115955-148d-4ae7-95ef-8452a3682b0f/element/00000000-0000-0146-ffff-ffff00000750/location [39m[32m200[39m [90m23 ms - 79[39m
[38;5;0m[HTTP][0m [90m[39m
[38;5;0m[HTTP][0m [37m-->[39m [37mPOST[39m [37m/wd/hub/session/82115955-148d-4ae7-95ef-8452a3682b0f/elements[39m
[38;5;0m[HTTP][0m [90m{"using":"xpath","value":"//*[@class = 'android.widget.TextView' and (@text = 'Profile' or . = 'Profile') and @resource-id = 'com.easypay.shop:id/tv_me']"}[39m
[38;5;0m[HTTP][0m [37m<-- POST /wd/hub/session/82115955-148d-4ae7-95ef-8452a3682b0f/elements [39m[32m200[39m [90m320 ms - 139[39m
[38;5;0m[HTTP][0m [90m[39m
[38;5;0m[HTTP][0m [37m-->[39m [37mGET[39m [37m/wd/hub/session/82115955-148d-4ae7-95ef-8452a3682b0f/element/00000000-0000-0146-ffff-ffff00000750/location[39m
[38;5;0m[HTTP][0m [90m{}[39m
[38;5;48m[AndroidUiautomator2Driver@2698 (82115955)][0m Driver proxy active, passing request on via HTTP proxy
[38;5;48m[AndroidUiautomator2Driver@2698 (82115955)][0m Replacing sessionId 1ff05665-15de-4815-9b8a-4816d7dd30d9 with 82115955-148d-4ae7-95ef-8452a3682b0f
[38;5;0m[HTTP][0m [37m<-- GET /wd/hub/session/82115955-148d-4ae7-95ef-8452a3682b0f/element/00000000-0000-0146-ffff-ffff00000750/location [39m[32m200[39m [90m1288 ms - 79[39m
[38;5;0m[HTTP][0m [90m[39m
[38;5;0m[HTTP][0m [37m-->[39m [37mPOST[39m [37m/wd/hub/session/82115955-148d-4ae7-95ef-8452a3682b0f/elements[39m
[38;5;0m[HTTP][0m [90m{"using":"xpath","value":"//*[@class = 'android.widget.TextView' and (@text = 'Profile' or . = 'Profile') and @resource-id = 'com.easypay.shop:id/tv_me']"}[39m
[38;5;0m[HTTP][0m [37m<-- POST /wd/hub/session/82115955-148d-4ae7-95ef-8452a3682b0f/elements [39m[32m200[39m [90m295 ms - 139[39m
[38;5;0m[HTTP][0m [90m[39m
[38;5;0m[HTTP][0m [37m-->[39m [37mGET[39m [37m/wd/hub/session/82115955-148d-4ae7-95ef-8452a3682b0f/element/00000000-0000-0146-ffff-ffff00000750/location[39m
[38;5;0m[HTTP][0m [90m{}[39m
[38;5;48m[AndroidUiautomator2Driver@2698 (82115955)][0m Driver proxy active, passing request on via HTTP proxy
[38;5;48m[AndroidUiautomator2Driver@2698 (82115955)][0m Replacing sessionId 1ff05665-15de-4815-9b8a-4816d7dd30d9 with 82115955-148d-4ae7-95ef-8452a3682b0f
[38;5;0m[HTTP][0m [37m<-- GET /wd/hub/session/82115955-148d-4ae7-95ef-8452a3682b0f/element/00000000-0000-0146-ffff-ffff00000750/location [39m[32m200[39m [90m339 ms - 79[39m
[38;5;0m[HTTP][0m [90m[39m
[38;5;0m[HTTP][0m [37m-->[39m [37mPOST[39m [37m/wd/hub/session/82115955-148d-4ae7-95ef-8452a3682b0f/elements[39m
[38;5;0m[HTTP][0m [90m{"using":"xpath","value":"//*[@class = 'android.widget.TextView' and (@text = 'Profile' or . = 'Profile') and @resource-id = 'com.easypay.shop:id/tv_me']"}[39m
[38;5;0m[HTTP][0m [37m<-- POST /wd/hub/session/82115955-148d-4ae7-95ef-8452a3682b0f/elements [39m[32m200[39m [90m332 ms - 139[39m
[38;5;0m[HTTP][0m [90m[39m
[38;5;0m[HTTP][0m [37m-->[39m [37mGET[39m [37m/wd/hub/session/82115955-148d-4ae7-95ef-8452a3682b0f/element/00000000-0000-0146-ffff-ffff00000750/location[39m
[38;5;0m[HTTP][0m [90m{}[39m
[38;5;48m[AndroidUiautomator2Driver@2698 (82115955)][0m Driver proxy active, passing request on via HTTP proxy
[38;5;48m[AndroidUiautomator2Driver@2698 (82115955)][0m Replacing sessionId 1ff05665-15de-4815-9b8a-4816d7dd30d9 with 82115955-148d-4ae7-95ef-8452a3682b0f
[38;5;0m[HTTP][0m [37m<-- GET /wd/hub/session/82115955-148d-4ae7-95ef-8452a3682b0f/element/00000000-0000-0146-ffff-ffff00000750/location [39m[32m200[39m [90m40 ms - 79[39m
[38;5;0m[HTTP][0m [90m[39m
[38;5;0m[HTTP][0m [37m-->[39m [37mPOST[39m [37m/wd/hub/session/82115955-148d-4ae7-95ef-8452a3682b0f/elements[39m
[38;5;0m[HTTP][0m [90m{"using":"xpath","value":"//*[@class = 'android.widget.TextView' and (@text = 'Profile' or . = 'Profile') and @resource-id = 'com.easypay.shop:id/tv_me']"}[39m
[38;5;0m[HTTP][0m [37m<-- POST /wd/hub/session/82115955-148d-4ae7-95ef-8452a3682b0f/elements [39m[32m200[39m [90m309 ms - 139[39m
[38;5;0m[HTTP][0m [90m[39m
[38;5;0m[HTTP][0m [37m-->[39m [37mGET[39m [37m/wd/hub/session/82115955-148d-4ae7-95ef-8452a3682b0f/element/00000000-0000-0146-ffff-ffff00000750/location[39m
[38;5;0m[HTTP][0m [90m{}[39m
[38;5;48m[AndroidUiautomator2Driver@2698 (82115955)][0m Driver proxy active, passing request on via HTTP proxy
[38;5;48m[AndroidUiautomator2Driver@2698 (82115955)][0m Replacing sessionId 1ff05665-15de-4815-9b8a-4816d7dd30d9 with 82115955-148d-4ae7-95ef-8452a3682b0f
[38;5;0m[HTTP][0m [37m<-- GET /wd/hub/session/82115955-148d-4ae7-95ef-8452a3682b0f/element/00000000-0000-0146-ffff-ffff00000750/location [39m[32m200[39m [90m16 ms - 79[39m
[38;5;0m[HTTP][0m [90m[39m
[38;5;0m[HTTP][0m [37m-->[39m [37mPOST[39m [37m/wd/hub/session/82115955-148d-4ae7-95ef-8452a3682b0f/elements[39m
[38;5;0m[HTTP][0m [90m{"using":"xpath","value":"//*[@class = 'android.widget.TextView' and (@text = 'Profile' or . = 'Profile') and @resource-id = 'com.easypay.shop:id/tv_me']"}[39m
[38;5;0m[HTTP][0m [37m<-- POST /wd/hub/session/82115955-148d-4ae7-95ef-8452a3682b0f/elements [39m[32m200[39m [90m310 ms - 139[39m
[38;5;0m[HTTP][0m [90m[39m
[38;5;0m[HTTP][0m [37m-->[39m [37mGET[39m [37m/wd/hub/session/82115955-148d-4ae7-95ef-8452a3682b0f/element/00000000-0000-0146-ffff-ffff00000750/location[39m
[38;5;0m[HTTP][0m [90m{}[39m
[38;5;48m[AndroidUiautomator2Driver@2698 (82115955)][0m Driver proxy active, passing request on via HTTP proxy
[38;5;48m[AndroidUiautomator2Driver@2698 (82115955)][0m Replacing sessionId 1ff05665-15de-4815-9b8a-4816d7dd30d9 with 82115955-148d-4ae7-95ef-8452a3682b0f
[38;5;0m[HTTP][0m [37m<-- GET /wd/hub/session/82115955-148d-4ae7-95ef-8452a3682b0f/element/00000000-0000-0146-ffff-ffff00000750/location [39m[32m200[39m [90m39 ms - 79[39m
[38;5;0m[HTTP][0m [90m[39m
[38;5;0m[HTTP][0m [37m-->[39m [37mPOST[39m [37m/wd/hub/session/82115955-148d-4ae7-95ef-8452a3682b0f/elements[39m
[38;5;0m[HTTP][0m [90m{"using":"xpath","value":"//*[@class = 'android.widget.TextView' and (@text = 'Profile' or . = 'Profile') and @resource-id = 'com.easypay.shop:id/tv_me']"}[39m
[38;5;0m[HTTP][0m [37m<-- POST /wd/hub/session/82115955-148d-4ae7-95ef-8452a3682b0f/elements [39m[32m200[39m [90m293 ms - 139[39m
[38;5;0m[HTTP][0m [90m[39m
[38;5;0m[HTTP][0m [37m-->[39m [37mGET[39m [37m/wd/hub/session/82115955-148d-4ae7-95ef-8452a3682b0f/element/00000000-0000-0146-ffff-ffff00000750/location[39m
[38;5;0m[HTTP][0m [90m{}[39m
[38;5;48m[AndroidUiautomator2Driver@2698 (82115955)][0m Driver proxy active, passing request on via HTTP proxy
[38;5;48m[AndroidUiautomator2Driver@2698 (82115955)][0m Replacing sessionId 1ff05665-15de-4815-9b8a-4816d7dd30d9 with 82115955-148d-4ae7-95ef-8452a3682b0f
[38;5;0m[HTTP][0m [37m<-- GET /wd/hub/session/82115955-148d-4ae7-95ef-8452a3682b0f/element/00000000-0000-0146-ffff-ffff00000750/location [39m[32m200[39m [90m22 ms - 79[39m
[38;5;0m[HTTP][0m [90m[39m
[38;5;0m[HTTP][0m [37m-->[39m [37mPOST[39m [37m/wd/hub/session/82115955-148d-4ae7-95ef-8452a3682b0f/elements[39m
[38;5;0m[HTTP][0m [90m{"using":"xpath","value":"//*[@class = 'android.widget.TextView' and (@text = 'Profile' or . = 'Profile') and @resource-id = 'com.easypay.shop:id/tv_me']"}[39m
[38;5;0m[HTTP][0m [37m<-- POST /wd/hub/session/82115955-148d-4ae7-95ef-8452a3682b0f/elements [39m[32m200[39m [90m211 ms - 139[39m
[38;5;0m[HTTP][0m [90m[39m
[38;5;0m[HTTP][0m [37m-->[39m [37mGET[39m [37m/wd/hub/session/82115955-148d-4ae7-95ef-8452a3682b0f/element/00000000-0000-0146-ffff-ffff00000750/location[39m
[38;5;0m[HTTP][0m [90m{}[39m
[38;5;48m[AndroidUiautomator2Driver@2698 (82115955)][0m Driver proxy active, passing request on via HTTP proxy
[38;5;48m[AndroidUiautomator2Driver@2698 (82115955)][0m Replacing sessionId 1ff05665-15de-4815-9b8a-4816d7dd30d9 with 82115955-148d-4ae7-95ef-8452a3682b0f
[38;5;0m[HTTP][0m [37m<-- GET /wd/hub/session/82115955-148d-4ae7-95ef-8452a3682b0f/element/00000000-0000-0146-ffff-ffff00000750/location [39m[32m200[39m [90m11 ms - 79[39m
[38;5;0m[HTTP][0m [90m[39m
[38;5;0m[HTTP][0m [37m-->[39m [37mPOST[39m [37m/wd/hub/session/82115955-148d-4ae7-95ef-8452a3682b0f/elements[39m
[38;5;0m[HTTP][0m [90m{"using":"xpath","value":"//*[@class = 'android.widget.TextView' and (@text = 'Profile' or . = 'Profile') and @resource-id = 'com.easypay.shop:id/tv_me']"}[39m
[38;5;0m[HTTP][0m [37m<-- POST /wd/hub/session/82115955-148d-4ae7-95ef-8452a3682b0f/elements [39m[32m200[39m [90m258 ms - 139[39m
[38;5;0m[HTTP][0m [90m[39m
[38;5;0m[HTTP][0m [37m-->[39m [37mGET[39m [37m/wd/hub/session/82115955-148d-4ae7-95ef-8452a3682b0f/element/00000000-0000-0146-ffff-ffff00000750/location[39m
[38;5;0m[HTTP][0m [90m{}[39m
[38;5;48m[AndroidUiautomator2Driver@2698 (82115955)][0m Driver proxy active, passing request on via HTTP proxy
[38;5;48m[AndroidUiautomator2Driver@2698 (82115955)][0m Replacing sessionId 1ff05665-15de-4815-9b8a-4816d7dd30d9 with 82115955-148d-4ae7-95ef-8452a3682b0f
[38;5;0m[HTTP][0m [37m<-- GET /wd/hub/session/82115955-148d-4ae7-95ef-8452a3682b0f/element/00000000-0000-0146-ffff-ffff00000750/location [39m[32m200[39m [90m1488 ms - 79[39m
[38;5;0m[HTTP][0m [90m[39m
[38;5;0m[HTTP][0m [37m-->[39m [37mPOST[39m [37m/wd/hub/session/82115955-148d-4ae7-95ef-8452a3682b0f/element/00000000-0000-0146-ffff-ffff00000750/click[39m
[38;5;0m[HTTP][0m [90m{"id":"00000000-0000-0146-ffff-ffff00000750"}[39m
[38;5;0m[HTTP][0m [37m<-- POST /wd/hub/session/82115955-148d-4ae7-95ef-8452a3682b0f/element/00000000-0000-0146-ffff-ffff00000750/click [39m[32m200[39m [90m57 ms - 14[39m
[38;5;0m[HTTP][0m [90m[39m
[38;5;0m[HTTP][0m [37m-->[39m [37mGET[39m [37m/wd/hub/session/82115955-148d-4ae7-95ef-8452a3682b0f/source[39m
[38;5;0m[HTTP][0m [90m{}[39m
[38;5;48m[AndroidUiautomator2Driver@2698 (82115955)][0m Driver proxy active, passing request on via HTTP proxy
[38;5;48m[AndroidUiautomator2Driver@2698 (82115955)][0m Replacing sessionId 1ff05665-15de-4815-9b8a-4816d7dd30d9 with 82115955-148d-4ae7-95ef-8452a3682b0f
[38;5;0m[HTTP][0m [37m<-- GET /wd/hub/session/82115955-148d-4ae7-95ef-8452a3682b0f/source [39m[32m200[39m [90m459 ms - 5825[39m
[38;5;0m[HTTP][0m [90m[39m
[38;5;0m[HTTP][0m [37m-->[39m [37mGET[39m [37m/wd/hub/session/82115955-148d-4ae7-95ef-8452a3682b0f/screenshot[39m
[38;5;0m[HTTP][0m [90m{}[39m
[38;5;0m[HTTP][0m [37m<-- GET /wd/hub/session/82115955-148d-4ae7-95ef-8452a3682b0f/screenshot [39m[32m200[39m [90m556 ms - 734916[39m
[38;5;0m[HTTP][0m [90m[39m
[38;5;0m[HTTP][0m [37m-->[39m [37mPOST[39m [37m/wd/hub/session/82115955-148d-4ae7-95ef-8452a3682b0f/elements[39m
[38;5;0m[HTTP][0m [90m{"using":"xpath","value":"//*[@class = 'android.widget.TextView' and (@text = 'Confirm' or . = 'Confirm') and @resource-id = 'com.easypay.shop:id/tv_confirm']"}[39m
[38;5;0m[HTTP][0m [37m<-- POST /wd/hub/session/82115955-148d-4ae7-95ef-8452a3682b0f/elements [39m[32m200[39m [90m609 ms - 139[39m
[38;5;0m[HTTP][0m [90m[39m
[38;5;0m[HTTP][0m [37m-->[39m [37mGET[39m [37m/wd/hub/session/82115955-148d-4ae7-95ef-8452a3682b0f/window/rect[39m
[38;5;0m[HTTP][0m [90m{}[39m
[38;5;0m[HTTP][0m [37m<-- GET /wd/hub/session/82115955-148d-4ae7-95ef-8452a3682b0f/window/rect [39m[32m200[39m [90m16 ms - 50[39m
[38;5;0m[HTTP][0m [90m[39m
[38;5;0m[HTTP][0m [37m-->[39m [37mPOST[39m [37m/wd/hub/session/82115955-148d-4ae7-95ef-8452a3682b0f/elements[39m
[38;5;0m[HTTP][0m [90m{"using":"xpath","value":"//*[@class = 'android.widget.TextView' and (@text = 'Confirm' or . = 'Confirm') and @resource-id = 'com.easypay.shop:id/tv_confirm']"}[39m
[38;5;0m[HTTP][0m [37m<-- POST /wd/hub/session/82115955-148d-4ae7-95ef-8452a3682b0f/elements [39m[32m200[39m [90m44 ms - 139[39m
[38;5;0m[HTTP][0m [90m[39m
[38;5;0m[HTTP][0m [37m-->[39m [37mGET[39m [37m/wd/hub/session/82115955-148d-4ae7-95ef-8452a3682b0f/element/00000000-0000-0148-ffff-ffff00000a36/location[39m
[38;5;0m[HTTP][0m [90m{}[39m
[38;5;48m[AndroidUiautomator2Driver@2698 (82115955)][0m Driver proxy active, passing request on via HTTP proxy
[38;5;48m[AndroidUiautomator2Driver@2698 (82115955)][0m Replacing sessionId 1ff05665-15de-4815-9b8a-4816d7dd30d9 with 82115955-148d-4ae7-95ef-8452a3682b0f
[38;5;0m[HTTP][0m [37m<-- GET /wd/hub/session/82115955-148d-4ae7-95ef-8452a3682b0f/element/00000000-0000-0148-ffff-ffff00000a36/location [39m[32m200[39m [90m712 ms - 79[39m
[38;5;0m[HTTP][0m [90m[39m
[38;5;0m[HTTP][0m [37m-->[39m [37mPOST[39m [37m/wd/hub/session/82115955-148d-4ae7-95ef-8452a3682b0f/element/00000000-0000-0148-ffff-ffff00000a36/click[39m
[38;5;0m[HTTP][0m [90m{"id":"00000000-0000-0148-ffff-ffff00000a36"}[39m
[38;5;0m[HTTP][0m [37m<-- POST /wd/hub/session/82115955-148d-4ae7-95ef-8452a3682b0f/element/00000000-0000-0148-ffff-ffff00000a36/click [39m[32m200[39m [90m35 ms - 14[39m
[38;5;0m[HTTP][0m [90m[39m
[38;5;0m[HTTP][0m [37m-->[39m [37mGET[39m [37m/wd/hub/session/82115955-148d-4ae7-95ef-8452a3682b0f/source[39m
[38;5;0m[HTTP][0m [90m{}[39m
[38;5;48m[AndroidUiautomator2Driver@2698 (82115955)][0m Driver proxy active, passing request on via HTTP proxy
[38;5;48m[AndroidUiautomator2Driver@2698 (82115955)][0m Replacing sessionId 1ff05665-15de-4815-9b8a-4816d7dd30d9 with 82115955-148d-4ae7-95ef-8452a3682b0f
[38;5;0m[HTTP][0m [37m<-- GET /wd/hub/session/82115955-148d-4ae7-95ef-8452a3682b0f/source [39m[32m200[39m [90m629 ms - 16919[39m
[38;5;0m[HTTP][0m [90m[39m
[38;5;0m[HTTP][0m [37m-->[39m [37mGET[39m [37m/wd/hub/session/82115955-148d-4ae7-95ef-8452a3682b0f/screenshot[39m
[38;5;0m[HTTP][0m [90m{}[39m
[38;5;0m[HTTP][0m [37m<-- GET /wd/hub/session/82115955-148d-4ae7-95ef-8452a3682b0f/screenshot [39m[32m200[39m [90m328 ms - 161624[39m
[38;5;0m[HTTP][0m [90m[39m
[38;5;0m[HTTP][0m [37m-->[39m [37mPOST[39m [37m/wd/hub/session/82115955-148d-4ae7-95ef-8452a3682b0f/elements[39m
[38;5;0m[HTTP][0m [90m{"using":"xpath","value":"//*[@class = 'android.widget.EditText' and (@text = 'gggggg@gmail.com' or . = 'gggggg@gmail.com') and @resource-id = 'com.easypay.shop:id/et_user_name']"}[39m
[38;5;0m[HTTP][0m [37m<-- POST /wd/hub/session/82115955-148d-4ae7-95ef-8452a3682b0f/elements [39m[32m200[39m [90m128 ms - 139[39m
[38;5;0m[HTTP][0m [90m[39m
[38;5;0m[HTTP][0m [37m-->[39m [37mGET[39m [37m/wd/hub/session/82115955-148d-4ae7-95ef-8452a3682b0f/window/rect[39m
[38;5;0m[HTTP][0m [90m{}[39m
[38;5;0m[HTTP][0m [37m<-- GET /wd/hub/session/82115955-148d-4ae7-95ef-8452a3682b0f/window/rect [39m[32m200[39m [90m10 ms - 50[39m
[38;5;0m[HTTP][0m [90m[39m
[38;5;0m[HTTP][0m [37m-->[39m [37mPOST[39m [37m/wd/hub/session/82115955-148d-4ae7-95ef-8452a3682b0f/elements[39m
[38;5;0m[HTTP][0m [90m{"using":"xpath","value":"//*[@class = 'android.widget.EditText' and (@text = 'gggggg@gmail.com' or . = 'gggggg@gmail.com') and @resource-id = 'com.easypay.shop:id/et_user_name']"}[39m
[38;5;0m[HTTP][0m [37m<-- POST /wd/hub/session/82115955-148d-4ae7-95ef-8452a3682b0f/elements [39m[32m200[39m [90m31 ms - 139[39m
[38;5;0m[HTTP][0m [90m[39m
[38;5;0m[HTTP][0m [37m-->[39m [37mGET[39m [37m/wd/hub/session/82115955-148d-4ae7-95ef-8452a3682b0f/element/00000000-0000-0149-ffff-ffff00000a5b/location[39m
[38;5;0m[HTTP][0m [90m{}[39m
[38;5;48m[AndroidUiautomator2Driver@2698 (82115955)][0m Driver proxy active, passing request on via HTTP proxy
[38;5;48m[AndroidUiautomator2Driver@2698 (82115955)][0m Replacing sessionId 1ff05665-15de-4815-9b8a-4816d7dd30d9 with 82115955-148d-4ae7-95ef-8452a3682b0f
[38;5;0m[HTTP][0m [37m<-- GET /wd/hub/session/82115955-148d-4ae7-95ef-8452a3682b0f/element/00000000-0000-0149-ffff-ffff00000a5b/location [39m[32m200[39m [90m10 ms - 77[39m
[38;5;0m[HTTP][0m [90m[39m
[38;5;0m[HTTP][0m [37m-->[39m [37mPOST[39m [37m/wd/hub/session/82115955-148d-4ae7-95ef-8452a3682b0f/element/00000000-0000-0149-ffff-ffff00000a5b/value[39m
[38;5;0m[HTTP][0m [90m{"id":"00000000-0000-0149-ffff-ffff00000a5b","text":"aaaaaaaaaaaa","value":["a","a","a","a","a","a","a","a","a","a","a","a"]}[39m
[38;5;0m[HTTP][0m [37m<-- POST /wd/hub/session/82115955-148d-4ae7-95ef-8452a3682b0f/element/00000000-0000-0149-ffff-ffff00000a5b/value [39m[32m200[39m [90m529 ms - 14[39m
[38;5;0m[HTTP][0m [90m[39m
[38;5;0m[HTTP][0m [37m-->[39m [37mGET[39m [37m/wd/hub/session/82115955-148d-4ae7-95ef-8452a3682b0f/source[39m
[38;5;0m[HTTP][0m [90m{}[39m
[38;5;48m[AndroidUiautomator2Driver@2698 (82115955)][0m Driver proxy active, passing request on via HTTP proxy
[38;5;48m[AndroidUiautomator2Driver@2698 (82115955)][0m Replacing sessionId 1ff05665-15de-4815-9b8a-4816d7dd30d9 with 82115955-148d-4ae7-95ef-8452a3682b0f
[38;5;0m[HTTP][0m [37m<-- GET /wd/hub/session/82115955-148d-4ae7-95ef-8452a3682b0f/source [39m[32m200[39m [90m51 ms - 16915[39m
[38;5;0m[HTTP][0m [90m[39m
[38;5;0m[HTTP][0m [37m-->[39m [37mGET[39m [37m/wd/hub/session/82115955-148d-4ae7-95ef-8452a3682b0f/screenshot[39m
[38;5;0m[HTTP][0m [90m{}[39m
[38;5;0m[HTTP][0m [37m<-- GET /wd/hub/session/82115955-148d-4ae7-95ef-8452a3682b0f/screenshot [39m[32m200[39m [90m325 ms - 155688[39m
[38;5;0m[HTTP][0m [90m[39m
[38;5;0m[HTTP][0m [37m-->[39m [37mPOST[39m [37m/wd/hub/session/82115955-148d-4ae7-95ef-8452a3682b0f/elements[39m
[38;5;0m[HTTP][0m [90m{"using":"xpath","value":"//*[@class = 'android.widget.Button' and (@text = 'GET CODE' or . = 'GET CODE') and @resource-id = 'com.easypay.shop:id/tv_query']"}[39m
[38;5;0m[HTTP][0m [37m<-- POST /wd/hub/session/82115955-148d-4ae7-95ef-8452a3682b0f/elements [39m[32m200[39m [90m33 ms - 139[39m
[38;5;0m[HTTP][0m [90m[39m
[38;5;0m[HTTP][0m [37m-->[39m [37mGET[39m [37m/wd/hub/session/82115955-148d-4ae7-95ef-8452a3682b0f/window/rect[39m
[38;5;0m[HTTP][0m [90m{}[39m
[38;5;0m[HTTP][0m [37m<-- GET /wd/hub/session/82115955-148d-4ae7-95ef-8452a3682b0f/window/rect [39m[32m200[39m [90m6 ms - 50[39m
[38;5;0m[HTTP][0m [90m[39m
[38;5;0m[HTTP][0m [37m-->[39m [37mPOST[39m [37m/wd/hub/session/82115955-148d-4ae7-95ef-8452a3682b0f/elements[39m
[38;5;0m[HTTP][0m [90m{"using":"xpath","value":"//*[@class = 'android.widget.Button' and (@text = 'GET CODE' or . = 'GET CODE') and @resource-id = 'com.easypay.shop:id/tv_query']"}[39m
[38;5;0m[HTTP][0m [37m<-- POST /wd/hub/session/82115955-148d-4ae7-95ef-8452a3682b0f/elements [39m[32m200[39m [90m37 ms - 139[39m
[38;5;0m[HTTP][0m [90m[39m
[38;5;0m[HTTP][0m [37m-->[39m [37mGET[39m [37m/wd/hub/session/82115955-148d-4ae7-95ef-8452a3682b0f/element/00000000-0000-0149-ffff-ffff00000a60/location[39m
[38;5;0m[HTTP][0m [90m{}[39m
[38;5;48m[AndroidUiautomator2Driver@2698 (82115955)][0m Driver proxy active, passing request on via HTTP proxy
[38;5;48m[AndroidUiautomator2Driver@2698 (82115955)][0m Replacing sessionId 1ff05665-15de-4815-9b8a-4816d7dd30d9 with 82115955-148d-4ae7-95ef-8452a3682b0f
[38;5;0m[HTTP][0m [37m<-- GET /wd/hub/session/82115955-148d-4ae7-95ef-8452a3682b0f/element/00000000-0000-0149-ffff-ffff00000a60/location [39m[32m200[39m [90m15 ms - 78[39m
[38;5;0m[HTTP][0m [90m[39m
[38;5;0m[HTTP][0m [37m-->[39m [37mPOST[39m [37m/wd/hub/session/82115955-148d-4ae7-95ef-8452a3682b0f/element/00000000-0000-0149-ffff-ffff00000a60/click[39m
[38;5;0m[HTTP][0m [90m{"id":"00000000-0000-0149-ffff-ffff00000a60"}[39m
[38;5;0m[HTTP][0m [37m<-- POST /wd/hub/session/82115955-148d-4ae7-95ef-8452a3682b0f/element/00000000-0000-0149-ffff-ffff00000a60/click [39m[32m200[39m [90m38 ms - 14[39m
[38;5;0m[HTTP][0m [90m[39m
[38;5;0m[HTTP][0m [37m-->[39m [37mGET[39m [37m/wd/hub/session/82115955-148d-4ae7-95ef-8452a3682b0f/source[39m
[38;5;0m[HTTP][0m [90m{}[39m
[38;5;48m[AndroidUiautomator2Driver@2698 (82115955)][0m Driver proxy active, passing request on via HTTP proxy
[38;5;48m[AndroidUiautomator2Driver@2698 (82115955)][0m Replacing sessionId 1ff05665-15de-4815-9b8a-4816d7dd30d9 with 82115955-148d-4ae7-95ef-8452a3682b0f
[38;5;0m[HTTP][0m [37m<-- GET /wd/hub/session/82115955-148d-4ae7-95ef-8452a3682b0f/source [39m[32m200[39m [90m125 ms - 17075[39m
[38;5;0m[HTTP][0m [90m[39m
[38;5;0m[HTTP][0m [37m-->[39m [37mGET[39m [37m/wd/hub/session/82115955-148d-4ae7-95ef-8452a3682b0f/screenshot[39m
[38;5;0m[HTTP][0m [90m{}[39m
[38;5;0m[HTTP][0m [37m<-- GET /wd/hub/session/82115955-148d-4ae7-95ef-8452a3682b0f/screenshot [39m[32m200[39m [90m344 ms - 170104[39m
[38;5;0m[HTTP][0m [90m[39m
[38;5;0m[HTTP][0m [37m-->[39m [37mGET[39m [37m/wd/hub/session/82115955-148d-4ae7-95ef-8452a3682b0f/window/rect[39m
[38;5;0m[HTTP][0m [90m{}[39m
[38;5;0m[HTTP][0m [37m<-- GET /wd/hub/session/82115955-148d-4ae7-95ef-8452a3682b0f/window/rect [39m[32m200[39m [90m10 ms - 50[39m
[38;5;0m[HTTP][0m [90m[39m
[38;5;0m[HTTP][0m [37m-->[39m [37mPOST[39m [37m/wd/hub/session/82115955-148d-4ae7-95ef-8452a3682b0f/elements[39m
[38;5;0m[HTTP][0m [90m{"using":"xpath","value":"//*[@class = 'android.widget.EditText' and (@text = 'gggggg@gmail.com' or . = 'gggggg@gmail.com') and @resource-id = 'com.easypay.shop:id/et_user_name']"}[39m
[38;5;0m[HTTP][0m [37m<-- POST /wd/hub/session/82115955-148d-4ae7-95ef-8452a3682b0f/elements [39m[32m200[39m [90m60037 ms - 12[39m
[38;5;0m[HTTP][0m [90m[39m
[38;5;0m[HTTP][0m [37m-->[39m [37mDELETE[39m [37m/wd/hub/session/82115955-148d-4ae7-95ef-8452a3682b0f[39m
[38;5;0m[HTTP][0m [90m{}[39m
[38;5;16m[AppiumDriver@fabc][0m Removing session 82115955-148d-4ae7-95ef-8452a3682b0f from our master session list
[38;5;48m[AndroidUiautomator2Driver@2698 (82115955)][0m Restoring hidden api policy to the device default configuration
[38;5;0m[HTTP][0m [37m<-- DELETE /wd/hub/session/82115955-148d-4ae7-95ef-8452a3682b0f [39m[32m200[39m [90m573 ms - 14[39m
[38;5;0m[HTTP][0m [90m[39m
